# JRE version: Java(TM) SE Runtime Environment (8.0_121-b13) (build 1.8.0_121-b13)
# Java VM: Java HotSpot(TM) 64-Bit Server VM (25.121-b13 mixed mode linux-amd64 compressed oops)
Heap:
 PSYoungGen      total 465920K, used 717K [0x00000000d5580000, 0x0000000100000000, 0x0000000100000000)
  eden space 232960K, 0% used [0x00000000d5580000,0x00000000d5580000,0x00000000e3900000)
  from space 232960K, 0% used [0x00000000e3900000,0x00000000e39b3678,0x00000000f1c80000)
  to   space 232960K, 0% used [0x00000000f1c80000,0x00000000f1c80000,0x0000000100000000)
 ParOldGen       total 813056K, used 812702K [0x0000000080000000, 0x00000000b1a00000, 0x00000000d5580000)
  object space 813056K, 99% used [0x0000000080000000,0x00000000b19a78a0,0x00000000b1a00000)
 Metaspace       used 6835K, capacity 7384K, committed 7680K, reserved 1056768K
  class space    used 638K, capacity 656K, committed 768K, reserved 1048576K
GC Heap History (10 events):
Event: 67.532 GC heap after
Heap after GC invocations=30 (full 7):
 PSYoungGen      total 376832K, used 85334K [0x00000000d5580000, 0x00000000fe900000, 0x0000000100000000)
  eden space 291328K, 0% used [0x00000000d5580000,0x00000000d5580000,0x00000000e7200000)
  from space 85504K, 99% used [0x00000000e7200000,0x00000000ec555b70,0x00000000ec580000)
  to   space 192000K, 0% used [0x00000000f2d80000,0x00000000f2d80000,0x00000000fe900000)
 ParOldGen       total 813056K, used 702670K [0x0000000080000000, 0x00000000b1a00000, 0x00000000d5580000)
  object space 813056K, 86% used [0x0000000080000000,0x00000000aae33a08,0x00000000b1a00000)
 Metaspace       used 6729K, capacity 7320K, committed 7680K, reserved 1056768K
  class space    used 632K, capacity 656K, committed 768K, reserved 1048576K
}
Event: 69.068 GC heap before
{Heap before GC invocations=31 (full 7):
 PSYoungGen      total 376832K, used 376662K [0x00000000d5580000, 0x00000000fe900000, 0x0000000100000000)
  eden space 291328K, 100% used [0x00000000d5580000,0x00000000e7200000,0x00000000e7200000)
  from space 85504K, 99% used [0x00000000e7200000,0x00000000ec555b70,0x00000000ec580000)
  to   space 192000K, 0% used [0x00000000f2d80000,0x00000000f2d80000,0x00000000fe900000)
 ParOldGen       total 813056K, used 702670K [0x0000000080000000, 0x00000000b1a00000, 0x00000000d5580000)
  object space 813056K, 86% used [0x0000000080000000,0x00000000aae33a08,0x00000000b1a00000)
 Metaspace       used 6730K, capacity 7320K, committed 7680K, reserved 1056768K
  class space    used 632K, capacity 656K, committed 768K, reserved 1048576K
Event: 69.242 GC heap after
Heap after GC invocations=31 (full 7):
 PSYoungGen      total 478720K, used 124708K [0x00000000d5580000, 0x0000000100000000, 0x0000000100000000)
  eden space 286720K, 0% used [0x00000000d5580000,0x00000000d5580000,0x00000000e6d80000)
  from space 192000K, 64% used [0x00000000f2d80000,0x00000000fa749180,0x00000000fe900000)
  to   space 196608K, 0% used [0x00000000e6d80000,0x00000000e6d80000,0x00000000f2d80000)
 ParOldGen       total 813056K, used 702670K [0x0000000080000000, 0x00000000b1a00000, 0x00000000d5580000)
  object space 813056K, 86% used [0x0000000080000000,0x00000000aae33a08,0x00000000b1a00000)
 Metaspace       used 6730K, capacity 7320K, committed 7680K, reserved 1056768K
  class space    used 632K, capacity 656K, committed 768K, reserved 1048576K
}
Event: 72.383 GC heap before
{Heap before GC invocations=32 (full 7):
 PSYoungGen      total 478720K, used 411428K [0x00000000d5580000, 0x0000000100000000, 0x0000000100000000)
  eden space 286720K, 100% used [0x00000000d5580000,0x00000000e6d80000,0x00000000e6d80000)
  from space 192000K, 64% used [0x00000000f2d80000,0x00000000fa749180,0x00000000fe900000)
  to   space 196608K, 0% used [0x00000000e6d80000,0x00000000e6d80000,0x00000000f2d80000)
 ParOldGen       total 813056K, used 702670K [0x0000000080000000, 0x00000000b1a00000, 0x00000000d5580000)
  object space 813056K, 86% used [0x0000000080000000,0x00000000aae33a08,0x00000000b1a00000)
 Metaspace       used 6730K, capacity 7320K, committed 7680K, reserved 1056768K
  class space    used 632K, capacity 656K, committed 768K, reserved 1048576K
Event: 72.623 GC heap after
Heap after GC invocations=32 (full 7):
 PSYoungGen      total 456192K, used 169241K [0x00000000d5580000, 0x0000000100000000, 0x0000000100000000)
  eden space 286720K, 0% used [0x00000000d5580000,0x00000000d5580000,0x00000000e6d80000)
  from space 169472K, 99% used [0x00000000e6d80000,0x00000000f12c64c8,0x00000000f1300000)
  to   space 216064K, 0% used [0x00000000f2d00000,0x00000000f2d00000,0x0000000100000000)
 ParOldGen       total 813056K, used 702670K [0x0000000080000000, 0x00000000b1a00000, 0x00000000d5580000)
  object space 813056K, 86% used [0x0000000080000000,0x00000000aae33a08,0x00000000b1a00000)
 Metaspace       used 6730K, capacity 7320K, committed 7680K, reserved 1056768K
  class space    used 632K, capacity 656K, committed 768K, reserved 1048576K
}
Event: 76.642 GC heap before
{Heap before GC invocations=33 (full 7):
 PSYoungGen      total 456192K, used 455961K [0x00000000d5580000, 0x0000000100000000, 0x0000000100000000)
  eden space 286720K, 100% used [0x00000000d5580000,0x00000000e6d80000,0x00000000e6d80000)
  from space 169472K, 99% used [0x00000000e6d80000,0x00000000f12c64c8,0x00000000f1300000)
  to   space 216064K, 0% used [0x00000000f2d00000,0x00000000f2d00000,0x0000000100000000)
 ParOldGen       total 813056K, used 702670K [0x0000000080000000, 0x00000000b1a00000, 0x00000000d5580000)
  object space 813056K, 86% used [0x0000000080000000,0x00000000aae33a08,0x00000000b1a00000)
 Metaspace       used 6753K, capacity 7320K, committed 7680K, reserved 1056768K
  class space    used 635K, capacity 656K, committed 768K, reserved 1048576K
Event: 76.967 GC heap after
Heap after GC invocations=33 (full 7):
 PSYoungGen      total 449024K, used 216063K [0x00000000d5580000, 0x0000000100000000, 0x0000000100000000)
  eden space 232960K, 0% used [0x00000000d5580000,0x00000000d5580000,0x00000000e3900000)
  from space 216064K, 99% used [0x00000000f2d00000,0x00000000fffffc18,0x0000000100000000)
  to   space 232960K, 0% used [0x00000000e3900000,0x00000000e3900000,0x00000000f1c80000)
 ParOldGen       total 813056K, used 704304K [0x0000000080000000, 0x00000000b1a00000, 0x00000000d5580000)
  object space 813056K, 86% used [0x0000000080000000,0x00000000aafcc2e8,0x00000000b1a00000)
 Metaspace       used 6753K, capacity 7320K, committed 7680K, reserved 1056768K
  class space    used 635K, capacity 656K, committed 768K, reserved 1048576K
}
Event: 78.302 GC heap before
{Heap before GC invocations=34 (full 7):
 PSYoungGen      total 449024K, used 449023K [0x00000000d5580000, 0x0000000100000000, 0x0000000100000000)
  eden space 232960K, 100% used [0x00000000d5580000,0x00000000e3900000,0x00000000e3900000)
  from space 216064K, 99% used [0x00000000f2d00000,0x00000000fffffc18,0x0000000100000000)
  to   space 232960K, 0% used [0x00000000e3900000,0x00000000e3900000,0x00000000f1c80000)
 ParOldGen       total 813056K, used 704304K [0x0000000080000000, 0x00000000b1a00000, 0x00000000d5580000)
  object space 813056K, 86% used [0x0000000080000000,0x00000000aafcc2e8,0x00000000b1a00000)
 Metaspace       used 6835K, capacity 7384K, committed 7680K, reserved 1056768K
  class space    used 638K, capacity 656K, committed 768K, reserved 1048576K
Event: 78.733 GC heap after
Heap after GC invocations=34 (full 7):
 PSYoungGen      total 465920K, used 197367K [0x00000000d5580000, 0x0000000100000000, 0x0000000100000000)
  eden space 232960K, 0% used [0x00000000d5580000,0x00000000d5580000,0x00000000e3900000)
  from space 232960K, 84% used [0x00000000e3900000,0x00000000ef9bde78,0x00000000f1c80000)
  to   space 232960K, 0% used [0x00000000f1c80000,0x00000000f1c80000,0x0000000100000000)
 ParOldGen       total 813056K, used 758683K [0x0000000080000000, 0x00000000b1a00000, 0x00000000d5580000)
  object space 813056K, 93% used [0x0000000080000000,0x00000000ae4e6d50,0x00000000b1a00000)
 Metaspace       used 6835K, capacity 7384K, committed 7680K, reserved 1056768K
  class space    used 638K, capacity 656K, committed 768K, reserved 1048576K
}
Event: 78.733 GC heap before
{Heap before GC invocations=35 (full 8):
 PSYoungGen      total 465920K, used 197367K [0x00000000d5580000, 0x0000000100000000, 0x0000000100000000)
  eden space 232960K, 0% used [0x00000000d5580000,0x00000000d5580000,0x00000000e3900000)
  from space 232960K, 84% used [0x00000000e3900000,0x00000000ef9bde78,0x00000000f1c80000)
  to   space 232960K, 0% used [0x00000000f1c80000,0x00000000f1c80000,0x0000000100000000)
 ParOldGen       total 813056K, used 758683K [0x0000000080000000, 0x00000000b1a00000, 0x00000000d5580000)
  object space 813056K, 93% used [0x0000000080000000,0x00000000ae4e6d50,0x00000000b1a00000)
 Metaspace       used 6835K, capacity 7384K, committed 7680K, reserved 1056768K
  class space    used 638K, capacity 656K, committed 768K, reserved 1048576K

